[2025-05-13 02:20:03.199] [INFO] [update_install] Script update_install démarré
[2025-05-13 02:20:05.635] [INFO] [update_install] État système capturé: /media/max/MAXLINK/logs/system_state_20250513_022003.log
[2025-05-13 02:20:05.846] [INFO] [update_install] === SECTION: VÉRIFICATION DES PRIVILÈGES ===
[2025-05-13 02:20:07.058] [INFO] [update_install] Vérification des privilèges administrateur
[2025-05-13 02:20:07.270] [INFO] [update_install] Privilèges administrateur confirmés
[2025-05-13 02:20:07.978] [INFO] [update_install] Vérification des verrous APT
[2025-05-13 02:20:08.281] [INFO] [update_install] Libération des verrous APT si nécessaire
[2025-05-13 02:20:08.489] [INFO] [update_install] Suppression verrou lists
[2025-05-13 02:20:08.699] [INFO] [update_install] Suppression verrou archives
[2025-05-13 02:20:08.911] [INFO] [update_install] Suppression verrous dpkg
[2025-05-13 02:20:09.123] [INFO] [update_install] Reconfiguration dpkg
[2025-05-13 02:20:09.443] [INFO] [update_install] Verrous APT libérés
[2025-05-13 02:20:10.154] [INFO] [update_install] === SECTION: VÉRIFICATION DES PRIVILÈGES ===
[2025-05-13 02:20:11.365] [INFO] [update_install] Vérification des privilèges administrateur
[2025-05-13 02:20:11.573] [INFO] [update_install] Privilèges administrateur confirmés
[2025-05-13 02:20:12.281] [INFO] [update_install] Vérification des verrous APT
[2025-05-13 02:20:12.566] [INFO] [update_install] Libération des verrous APT si nécessaire
[2025-05-13 02:20:12.772] [INFO] [update_install] Suppression verrou lists
[2025-05-13 02:20:12.983] [INFO] [update_install] Suppression verrou archives
[2025-05-13 02:20:13.195] [INFO] [update_install] Suppression verrous dpkg
[2025-05-13 02:20:13.409] [INFO] [update_install] Reconfiguration dpkg
[2025-05-13 02:20:13.661] [INFO] [update_install] Verrous APT libérés
[2025-05-13 02:20:14.371] [INFO] [update_install] === SECTION: DÉMARRAGE DE LA MISE À JOUR DU RASPBERRY PI ===
[2025-05-13 02:20:15.582] [INFO] [update_install] Configuration du système de refroidissement
[2025-05-13 02:20:15.796] [INFO] [update_install] Sauvegarde de config.txt créée
[2025-05-13 02:20:16.006] [INFO] [update_install] Ajout des nouveaux paramètres de refroidissement
[2025-05-13 02:20:16.221] [INFO] [update_install] Refroidissement réglé sur mode PRODUCTION
[2025-05-13 02:20:16.930] [INFO] [update_install] Configuration de refroidissement réussie
[2025-05-13 02:20:19.143] [INFO] [update_install] === SECTION: CONNECTIVITÉ RÉSEAU ===
[2025-05-13 02:20:20.354] [INFO] [update_install] Recherche et connexion au réseau WiFi Max
[2025-05-13 02:20:20.565] [INFO] [update_install] Connexion au WiFi
[2025-05-13 02:20:23.457] [INFO] [update_install] Connecté au réseau Max
[2025-05-13 02:20:24.169] [INFO] [update_install] Test de la connectivité Internet
[2025-05-13 02:20:29.500] [INFO] [update_install] Connexion stable avec 34.9 ms de ping
[2025-05-13 02:20:30.210] [INFO] [update_install] Connectivité Internet confirmée: 34.9 ms
[2025-05-13 02:20:30.422] [INFO] [update_install] === SECTION: SYNCHRONISATION HORLOGE SYSTÈME ===
[2025-05-13 02:20:31.634] [INFO] [update_install] Vérification et synchronisation de l'horloge système
[2025-05-13 02:20:32.040] [WARN] [update_install] Horloge désynchronisée de 849003s - correction avant mise à jour
[2025-05-13 02:20:32.249] [INFO] [update_install] Installation de ntpdate (avec horloge incorrecte)
[2025-05-13 02:20:32.457] [INFO] [update_install] Mise à jour forcée pour ntpdate
[2025-05-13 02:20:34.724] [ERROR] [update_install] Commande échouée (code 100): apt-get update --allow-releaseinfo-change
[2025-05-13 02:20:35.037] [ERROR] [update_install] Sortie erreur: E: Release file for http://deb.debian.org/debian/dists/bookworm/InRelease is not valid yet (invalid for another 4d 8h 52min 21s). Updates for this repository will not be applied.
E: Release file for http://archive.raspberrypi.com/debian/dists/bookworm/InRelease is not valid yet (invalid for another 9d 15h 4min 15s). Updates for this repository will not be applied.
E: Release file for http://deb.debian.org/debian-security/dists/bookworm-security/InRelease is not valid yet (invalid for another 9d 14h 15min 39s). Updates for this repository will not be applied.
E: Release file for http://deb.debian.org/debian/dists/bookworm-updates/InRelease is not valid yet (invalid for another 9d 13h 51min 10s). Updates for this repository will not be applied.
[2025-05-13 02:20:35.349] [INFO] [update_install] Installation ntpdate
[2025-05-13 02:20:39.716] [INFO] [update_install] Synchronisation horloge PRIORITAIRE
[2025-05-22 22:10:42.900] [INFO] [update_install] Horloge synchronisée - Système prêt pour les mises à jour
[2025-05-22 22:10:43.615] [INFO] [update_install] Horloge synchronisée avec pool.ntp.org - Prêt pour APT
[2025-05-22 22:10:43.824] [INFO] [update_install] Nouvelle heure système: Thu 22 May 22:10:43 CEST 2025
[2025-05-22 22:10:44.035] [INFO] [update_install] === SECTION: MISE À JOUR DU SYSTÈME ===
[2025-05-22 22:10:45.243] [INFO] [update_install] Téléchargement des informations sur les dépôts (horloge synchronisée)
[2025-05-22 22:10:45.450] [INFO] [update_install] Mise à jour des dépôts
[2025-05-22 22:10:52.711] [INFO] [update_install] Informations sur les dépôts téléchargées avec succès
[2025-05-22 22:10:53.423] [INFO] [update_install] Installation des mises à jour système
[2025-05-22 22:10:53.631] [INFO] [update_install] Installation des mises à jour système
[2025-05-22 22:12:57.407] [INFO] [update_install] Installation des mises à jour système terminée
[2025-05-22 22:12:58.115] [INFO] [update_install] Mises à jour système installées avec succès
[2025-05-22 22:12:58.322] [INFO] [update_install] Suppression des paquets orphelins
[2025-05-22 22:12:59.472] [INFO] [update_install] Nettoyage du cache
[2025-05-22 22:13:00.107] [INFO] [update_install] Nettoyage terminé
[2025-05-22 22:13:00.815] [INFO] [update_install] Nettoyage du système terminé
[2025-05-22 22:13:01.022] [INFO] [update_install] === SECTION: PERSONNALISATION DE L'INTERFACE ===
[2025-05-22 22:13:02.231] [INFO] [update_install] Personnalisation de l'interface pour l'utilisateur: max
[2025-05-22 22:13:02.444] [INFO] [update_install] Fond d'écran installé avec succès
[2025-05-22 22:13:03.155] [INFO] [update_install] Fond d'écran installé: /usr/share/backgrounds/maxlink/bg.jpg
[2025-05-22 22:13:03.374] [INFO] [update_install] Personnalisation de l'interface réussie pour max
[2025-05-22 22:13:04.088] [INFO] [update_install] Interface personnalisée pour max
[2025-05-22 22:13:04.300] [INFO] [update_install] === SECTION: FINALISATION ===
[2025-05-22 22:13:05.512] [INFO] [update_install] Déconnexion du réseau WiFi
[2025-05-22 22:13:05.727] [INFO] [update_install] Déconnexion du WiFi
[2025-05-22 22:13:05.970] [INFO] [update_install] Déconnecté du réseau WiFi
[2025-05-22 22:13:06.680] [INFO] [update_install] === SECTION: MISE À JOUR TERMINÉE AVEC SUCCÈS ===
[2025-05-22 22:13:07.891] [INFO] [update_install] Mise à jour du système terminée avec succès
[2025-05-22 22:13:08.099] [INFO] [update_install] Système mis à jour avec succès !
[2025-05-22 22:13:08.807] [INFO] [update_install] Redémarrage programmé dans 10 secondes
[2025-05-22 22:13:19.025] [INFO] [update_install] Redémarrage du système
[2025-05-13 02:19:24.477] [INFO] [update_install] Script update_install démarré
[2025-05-13 02:19:24.904] [INFO] [update_install] État système capturé: /media/max/MAXLINK/logs/system_state_20250513_021924.log
[2025-05-13 02:19:25.114] [INFO] [update_install] === SECTION: VÉRIFICATION DES PRIVILÈGES ===
[2025-05-13 02:19:26.323] [INFO] [update_install] Vérification des privilèges administrateur
[2025-05-13 02:19:26.530] [INFO] [update_install] Privilèges administrateur confirmés
[2025-05-13 02:19:27.238] [INFO] [update_install] Vérification des verrous APT
[2025-05-13 02:19:27.516] [INFO] [update_install] Libération des verrous APT si nécessaire
[2025-05-13 02:19:27.726] [INFO] [update_install] Suppression verrou lists
[2025-05-13 02:19:27.937] [INFO] [update_install] Suppression verrou archives
[2025-05-13 02:19:28.149] [INFO] [update_install] Suppression verrous dpkg
[2025-05-13 02:19:28.361] [INFO] [update_install] Reconfiguration dpkg
[2025-05-13 02:19:28.603] [INFO] [update_install] Verrous APT libérés
[2025-05-13 02:19:29.311] [INFO] [update_install] === SECTION: VÉRIFICATION DES PRIVILÈGES ===
[2025-05-13 02:19:30.519] [INFO] [update_install] Privilèges administrateur confirmés
[2025-05-13 02:19:31.321] [INFO] [update_install] Suppression verrou lists
[2025-05-13 02:19:31.533] [INFO] [update_install] Suppression verrou archives
[2025-05-13 02:19:31.745] [INFO] [update_install] Suppression verrous dpkg
[2025-05-13 02:19:31.957] [INFO] [update_install] Reconfiguration dpkg
[2025-05-13 02:19:32.204] [INFO] [update_install] Verrous APT libérés
[2025-05-13 02:19:34.916] [INFO] [update_install] Système stabilisé
[2025-05-13 02:19:35.627] [INFO] [update_install] === SECTION: DÉMARRAGE DE LA MISE À JOUR DU RASPBERRY PI ===
[2025-05-13 02:19:36.837] [INFO] [update_install] Sauvegarde de config.txt créée
[2025-05-13 02:19:37.048] [INFO] [update_install] Ajout des nouveaux paramètres de refroidissement
[2025-05-13 02:19:37.262] [INFO] [update_install] Refroidissement réglé sur mode PRODUCTION
[2025-05-13 02:19:37.972] [INFO] [update_install] Configuration de refroidissement réussie
[2025-05-13 02:19:40.185] [INFO] [update_install] === SECTION: CONNECTIVITÉ RÉSEAU ===
[2025-05-13 02:19:41.400] [INFO] [update_install] Connexion au WiFi
[2025-05-13 02:19:51.289] [INFO] [update_install] Connecté au réseau Max
[2025-05-22 23:11:23.673] [INFO] [update_install] Connexion Internet excellente (3/4 paquets reçus)
[2025-05-22 23:11:24.385] [INFO] [update_install] === SECTION: SYNCHRONISATION HORLOGE SYSTÈME ===
[2025-05-22 23:11:26.534] [INFO] [update_install] Horloge déjà synchronisée
[2025-05-22 23:11:27.245] [INFO] [update_install] Horloge correcte - Pas de correction nécessaire
[2025-05-22 23:11:27.456] [INFO] [update_install] === SECTION: MISE À JOUR DU SYSTÈME ===
[2025-05-22 23:11:28.665] [INFO] [update_install] Mise à jour des dépôts
[2025-05-22 23:11:30.127] [ERROR] [update_install] Commande échouée (code 100): apt-get update -y
[2025-05-22 23:11:30.441] [ERROR] [update_install] Sortie erreur: E: Could not get lock /var/lib/apt/lists/lock. It is held by process 1772 (packagekitd)
E: Unable to lock directory /var/lib/apt/lists/
[2025-05-22 23:11:35.763] [INFO] [update_install] Nettoyage verrous
[2025-05-22 23:11:35.976] [INFO] [update_install] Reconfiguration dpkg
[2025-05-22 23:11:36.229] [INFO] [update_install] Mise à jour des dépôts
[2025-05-22 23:14:29.774] [ERROR] [update_install] Commande échouée (code 100): apt-get update -y
[2025-05-22 23:14:30.089] [ERROR] [update_install] Sortie erreur: E: Failed to stat /var/lib/apt/lists/partial/deb.debian.org_debian_dists_bookworm-updates_InRelease - pkgAcqTransactionItem::TransactionState-stat (2: No such file or directory)
E: Failed to stat /var/lib/apt/lists/partial/archive.raspberrypi.com_debian_dists_bookworm_InRelease - pkgAcqTransactionItem::TransactionState-stat (2: No such file or directory)
E: Failed to stat /var/lib/apt/lists/partial/archive.raspberrypi.com_debian_dists_bookworm_main_binary-armhf_Packages - pkgAcqTransactionItem::TransactionState-stat (2: No such file or directory)
E: Failed to stat /var/lib/apt/lists/partial/archive.raspberrypi.com_debian_dists_bookworm_main_binary-arm64_Packages - pkgAcqTransactionItem::TransactionState-stat (2: No such file or directory)
[2025-05-22 23:14:30.404] [ERROR] [update_install] Échec définitif du téléchargement des dépôts
[2025-05-22 23:14:30.716] [ERROR] [update_install] ERREUR: Mise à jour des dépôts échouée
[2025-05-22 23:14:31.529] [INFO] [update_install] Script update_install terminé avec le code 1
[2025-05-22 23:14:33.090] [INFO] [update_install] État système capturé: /media/max/MAXLINK/logs/system_state_20250522_231431.log
[2025-05-22 23:49:00.166] [INFO] [update_install] Script update_install démarré
[2025-05-22 23:49:04.250] [INFO] [update_install] État système capturé: /media/max/MAXLINK/logs/system_state_20250522_234900.log
